clone	push	retard	cp.txt                   	tp2.c                    	malib.c                  	malib.h                  	.gitignore               	Makefile                 	reflexion.md             	README.md                	depot, etudiant et projet
-----	----	------	-------------------------	-------------------------	-------------------------	-------------------------	-------------------------	-------------------------	-------------------------	-------------------------	-------------------------
0	0	0	2020-11-05 20:59:43 -0500	2020-11-22 18:07:26 -0500	2020-11-19 15:46:25 -0500	2020-11-19 15:46:25 -0500	2020-11-06 17:03:24 -0500	2020-11-22 15:31:53 -0500	2020-11-22 18:57:01 -0500	2020-11-22 18:57:01 -0500	github.com/708bobo/inf3135-a2020
128	0	0	github.com/Alex-Ali-Fulgence/inf3135-a2020
0	0	0	2020-11-22 19:49:46 -0500	2020-11-22 20:13:53 -0500	2020-11-22 19:49:46 -0500	2020-11-22 20:05:39 -0500	2020-11-22 20:13:32 -0500	2020-11-22 19:53:55 -0500	2020-11-22 21:27:45 -0500	2020-11-22 23:55:50 -0500	github.com/amariomar/inf3135-a2020
0	0	6	2020-10-07 13:25:14 -0400				2020-10-18 22:59:01 -0400	2020-10-18 22:18:46 -0400		2020-10-18 22:56:52 -0400	github.com/anaisyaici/inf3135-a2020
0	0	0	2020-10-18 21:59:30 -0400	2020-11-22 13:12:06 -0500	2020-11-22 13:12:06 -0500	2020-11-21 15:03:18 -0500	2020-11-19 10:17:18 -0500	2020-11-22 13:12:06 -0500	2020-11-22 13:25:24 -0500	2020-11-22 13:33:02 -0500	github.com/AnneMa22/inf3135-a2020
0	0	0	2020-10-18 18:05:44 -0400	2020-11-19 16:14:56 -0500	2020-11-19 16:53:08 -0500	2020-11-19 16:14:56 -0500	2020-11-22 15:38:34 -0500	2020-11-22 15:38:34 -0500	2020-11-22 14:58:36 -0500	2020-11-22 13:49:39 -0500	github.com/AstralCookie/inf3135-a2020
0	0	0	2020-11-18 14:54:31 -0500	2020-11-22 21:03:29 -0500	2020-11-22 21:03:29 -0500	2020-11-22 21:03:29 -0500	2020-11-18 14:54:31 -0500	2020-11-22 19:55:31 -0500	2020-11-22 19:57:23 -0500	2020-11-22 20:46:01 -0500	github.com/AurelienGG/inf3135-a2020
0	0	1	2020-11-21 23:42:49 -0500	2020-11-23 01:02:43 -0500	2020-11-22 21:35:12 -0500	2020-11-22 21:35:12 -0500	2020-11-21 23:42:49 -0500	2020-11-23 01:02:43 -0500	2020-11-22 22:57:52 -0500	2020-11-23 01:29:47 -0500	github.com/awahabbaga/inf3135-a2020
0	0	6	2020-10-18 20:23:01 -0400				2020-11-06 17:04:36 -0500	2020-10-18 20:17:27 -0400		2020-10-18 22:51:15 -0400	github.com/BassemNasralla/inf3135-a2020
0	0	0	2020-10-11 16:44:00 -0400	2020-11-19 03:03:35 -0500	2020-11-22 23:33:09 -0500	2020-11-22 13:59:15 -0500	2020-11-19 02:20:14 -0500	2020-11-22 16:14:01 -0500	2020-11-22 15:55:06 -0500	2020-11-22 22:56:43 -0500	github.com/bcote9005/inf3135-a2020
0	0	6	2020-11-12 14:00:59 -0500	2020-11-22 19:34:27 -0500			2020-11-22 17:45:40 -0500	2020-11-22 21:20:05 -0500	2020-11-21 22:55:03 -0500	2020-11-22 21:23:25 -0500	github.com/bdkandil/inf3135-a2020
0	0	0	2020-11-22 04:47:28 -0500	2020-11-22 23:46:06 -0500	2020-11-22 23:46:06 -0500	2020-11-22 23:46:06 -0500	2020-11-22 22:23:32 -0500	2020-11-22 20:45:40 -0500	2020-11-22 23:46:06 -0500	2020-11-22 23:46:06 -0500	github.com/Beva-Lwash/inf3135-a2020
128	0	0	github.com/bj291929/inf3135-a2020
0	0	0	2020-10-14 00:18:28 -0400	2020-11-20 21:57:34 -0500	2020-11-20 23:36:32 -0500	2020-11-20 21:57:34 -0500	2020-11-21 12:13:16 -0500	2020-11-19 23:06:04 -0500	2020-11-21 12:16:19 -0500	2020-11-21 00:00:13 -0500	github.com/B-Yan/inf3135-a2020
0	0	0	2020-10-18 20:08:59 -0400	2020-11-22 17:34:50 -0500	2020-11-22 11:55:14 -0500	2020-11-22 17:34:50 -0500	2020-11-22 16:55:21 -0500	2020-11-22 14:18:22 -0500	2020-11-22 16:24:59 -0500	2020-11-22 17:41:03 -0500	github.com/cmiquelon/inf3135-a2020
0	0	0	2020-10-18 17:48:55 -0400	2020-11-22 21:54:40 -0500	2020-11-22 21:54:40 -0500	2020-11-22 21:54:40 -0500	2020-11-06 17:05:52 -0500	2020-11-22 21:48:16 -0500	2020-11-22 19:41:33 -0500	2020-11-22 21:35:57 -0500	github.com/cosplaythief/inf3135-a2020
0	0	6	2020-10-16 21:14:05 -0400	2020-11-22 22:57:46 -0500	2020-11-22 23:45:48 -0500	2020-11-22 20:02:22 -0500	2020-11-22 22:57:46 -0500	2020-11-22 23:45:48 -0500		2020-11-22 23:48:45 -0500	github.com/DalilT/inf3135-a2020
0	0	6	2020-10-18 20:58:49 -0400					2020-10-18 02:37:46 -0400		2020-10-18 23:52:43 -0400	github.com/Danny-jered/inf3135-a2020
0	0	6	2020-11-22 20:00:32 -0500	2020-11-22 19:17:50 -0500	2020-11-22 19:17:50 -0500	2020-11-22 19:17:50 -0500	2020-11-22 19:17:50 -0500	2020-11-23 06:27:32 -0500		2020-11-22 19:57:38 -0500	github.com/Davezdh/inf3135-a2020
0	0	0	2020-10-18 21:44:24 -0400	2020-11-22 13:27:26 -0500	2020-11-21 19:47:26 -0500	2020-11-21 19:37:13 -0500	2020-11-09 23:58:32 -0500	2020-11-22 22:09:15 -0500	2020-11-20 11:27:23 -0500	2020-11-22 22:24:56 -0500	github.com/davidadjele/inf3135-a2020
128	0	0	github.com/DavidUQAM/inf3135-a2020
0	0	0	2020-11-22 18:29:39 -0500	2020-11-22 21:36:49 -0500	2020-11-22 21:36:49 -0500	2020-11-22 21:36:49 -0500	2020-11-22 18:32:03 -0500	2020-11-22 18:30:31 -0500	2020-11-22 21:00:26 -0500	2020-11-23 03:28:42 +0100	github.com/durgeta/inf3135-a2020
0	0	3	2020-10-19 22:48:37 -0400	2020-11-25 15:23:43 -0500	2020-11-25 09:56:33 -0500	2020-11-25 10:57:17 -0500	2020-11-23 09:29:08 -0500	2020-11-25 10:57:17 -0500	2020-11-25 14:08:52 -0500	2020-11-25 11:34:13 -0500	github.com/Elisee-O-YAPI/inf3135-a2020
0	0	0	2020-11-18 20:59:27 -0500	2020-11-19 21:26:53 -0500	2020-11-19 21:42:58 -0500	2020-11-20 00:37:42 -0500	2020-11-18 21:04:33 -0500	2020-11-20 00:56:51 -0500	2020-11-20 01:00:52 -0500	2020-11-22 13:17:07 -0500	github.com/EzzeddineAlimi/inf3135-a2020
0	0	0	2020-11-22 15:42:01 -0500	2020-11-22 17:58:24 -0500	2020-11-22 17:56:25 -0500	2020-11-22 17:54:34 -0500	2020-11-22 21:24:17 -0500	2020-11-22 17:05:59 -0500	2020-11-22 22:38:30 -0500	2020-11-22 21:34:51 -0500	github.com/FerdinandTenenanToure/inf3135-a2020
0	0	0	2020-11-05 21:02:48 -0500	2020-11-17 17:31:07 -0500	2020-11-20 19:28:36 -0500	2020-11-20 19:28:36 -0500	2020-11-15 00:15:15 -0500	2020-11-20 19:47:23 -0500	2020-11-17 17:31:07 -0500	2020-11-21 00:59:54 -0500	github.com/fethiuqam/inf3135-a2020
128	0	0	github.com/fialiayoub/inf3135-a2020
0	0	6	2020-10-18 01:16:59 -0400	2020-11-22 22:38:50 -0500			2020-10-18 01:16:59 -0400	2020-11-22 22:38:50 -0500		2020-10-18 22:54:14 -0400	github.com/franksoua/inf3135-a2020
0	0	0	2020-10-04 12:10:25 -0400	2020-11-22 13:29:35 -0500	2020-11-22 13:29:35 -0500	2020-11-22 13:29:35 -0500	2020-11-22 14:26:23 -0500	2020-11-21 13:43:16 -0500	2020-11-22 13:54:36 -0500	2020-11-22 14:23:05 -0500	github.com/gabrose97/inf3135-a2020
128	0	0	github.com/gdimer/inf3135-a2020
0	0	0	2020-10-12 16:35:11 -0400	2020-11-22 22:55:26 -0500	2020-11-21 23:06:43 -0500	2020-11-22 22:55:26 -0500	2020-11-21 12:19:19 -0500	2020-11-22 21:35:53 -0500	2020-11-22 23:09:22 -0500	2020-11-22 22:06:27 -0500	github.com/ghalemraouf/inf3135-a2020
128	0	0	github.com/Gpoitras/inf3135-a2020
0	0	0	2020-10-18 14:38:50 -0400	2020-11-22 14:16:21 -0500	2020-11-22 15:55:25 -0500	2020-11-22 20:13:50 -0500	2020-11-17 21:06:00 -0500	2020-11-22 20:13:50 -0500	2020-11-22 15:14:40 -0500	2020-11-22 20:24:22 -0500	github.com/guillaumetb/inf3135-a2020
0	0	0	2020-10-14 17:50:52 -0400	2020-11-19 00:29:14 -0500	2020-11-19 00:29:14 -0500	2020-11-19 04:46:22 -0500	2020-11-18 05:15:04 -0500	2020-11-17 02:57:16 -0500	2020-11-19 03:36:33 -0500	2020-11-19 01:25:51 -0500	github.com/hakimba1/inf3135-a2020
0	0	6	2020-09-22 21:06:57 -0400	2020-11-22 16:43:51 -0500	2020-11-21 13:52:14 -0500	2020-11-21 13:52:14 -0500	2020-09-22 21:01:53 -0400	2020-11-22 15:59:13 -0500		2020-11-22 16:23:26 -0500	github.com/hugodupont/inf3135-a2020
0	0	0	2020-10-10 23:33:58 -0400	2020-11-21 18:50:42 -0500	2020-11-21 19:11:30 -0500	2020-11-21 19:10:52 -0500	2020-10-11 14:49:22 -0400	2020-11-22 17:07:41 -0500	2020-11-22 17:18:33 -0500	2020-11-22 22:24:39 -0500	github.com/Hussein-N/inf3135-a2020
0	0	0	2020-11-15 19:20:39 -0500	2020-11-22 19:34:00 -0500	2020-11-22 20:20:03 -0500	2020-11-22 20:20:03 -0500	2020-11-22 21:52:50 -0500	2020-11-22 21:50:16 -0500	2020-11-22 21:20:27 -0500	2020-11-22 20:57:11 -0500	github.com/Ibrahim-Davieau/inf3135-a2020
0	0	6	2020-11-25 23:38:40 -0500	2020-11-25 23:38:40 -0500			2020-10-19 00:10:14 -0400	2020-11-25 23:38:40 -0500		2020-11-25 23:38:40 -0500	github.com/igothookup/inf3135-a2020
128	0	0	github.com/Iliass-Bouj/inf3135-a2020
128	0	0	github.com/IssakhaW/inf3135-a2020
0	0	0	2020-09-29 23:54:38 -0400	2020-11-22 20:31:35 -0500	2020-11-08 15:15:46 -0500	2020-11-08 15:15:46 -0500	2020-11-09 00:28:48 -0500	2020-11-22 20:39:06 -0500	2020-11-08 15:30:39 -0500	2020-11-22 06:15:32 -0500	github.com/jeanlouisdicka/inf3135-a2020
0	0	0	2020-10-17 20:42:23 -0400	2020-11-22 22:18:07 -0500	2020-11-21 22:30:42 -0500	2020-11-21 22:30:42 -0500	2020-11-06 17:11:20 -0500	2020-11-21 21:40:18 -0500	2020-11-22 22:50:50 -0500	2020-11-22 17:01:36 -0500	github.com/jeffreyvales/inf3135-a2020
0	0	0	2020-11-05 21:05:05 -0500	2020-11-21 13:53:56 -0500	2020-11-18 11:49:03 -0500	2020-11-18 11:49:03 -0500	2020-11-06 17:11:30 -0500	2020-11-21 13:53:56 -0500	2020-11-21 13:53:56 -0500	2020-11-21 13:56:38 -0500	github.com/Jeremie-Gour/inf3135-a2020
128	0	0	github.com/JP-UQAM/inf3135-a2020
0	0	0	2020-10-03 20:14:42 -0400	2020-11-21 13:56:06 -0500	2020-11-21 13:56:06 -0500	2020-11-20 18:06:13 -0500	2020-11-21 14:10:36 -0500	2020-11-21 13:56:06 -0500	2020-11-21 13:56:06 -0500	2020-11-21 13:56:06 -0500	github.com/Jrobill4rd/inf3135-a2020
0	0	0	2020-10-13 15:21:42 -0400	2020-11-22 15:51:37 -0500	2020-11-22 17:27:34 -0500	2020-11-22 17:27:01 -0500	2020-11-06 17:12:29 -0500	2020-11-22 15:51:37 -0500	2020-11-22 16:48:28 -0500	2020-11-22 16:48:28 -0500	github.com/JulesHauchecorne/inf3135-a2020
0	0	0	2020-11-21 23:14:11 -0500	2020-11-22 12:43:29 -0500	2020-11-21 23:14:11 -0500	2020-11-21 23:14:11 -0500	2020-11-21 23:14:11 -0500	2020-11-22 12:43:29 -0500	2020-11-22 13:57:12 -0500	2020-11-22 13:57:12 -0500	github.com/jusave/inf3135-a2020
0	0	6								2020-11-23 19:02:22 -0500	github.com/kevinwetie/inf3135-a2020
128	0	0	github.com/KienonYann/inf3135-a2020
0	0	0	2020-11-21 21:03:39 -0500	2020-11-21 23:52:54 -0500	2020-11-21 23:52:54 -0500	2020-11-22 13:54:02 -0500	2020-10-18 17:38:08 -0400	2020-11-21 23:52:54 -0500	2020-11-22 16:28:08 -0500	2020-11-22 16:43:28 -0500	github.com/kousseylakadri/inf3135-a2020
0	0	0	2020-10-17 23:42:28 -0400	2020-11-21 16:55:28 -0500	2020-11-21 16:55:28 -0500	2020-11-21 16:55:28 -0500	2020-11-14 16:53:28 -0500	2020-11-21 17:03:35 -0500	2020-11-21 17:49:17 -0500	2020-11-21 17:14:20 -0500	github.com/Kyowdem/inf3135-a2020
128	0	0	github.com/laricekl/inf3135-a2020
0	0	1	2020-10-18 17:40:46 -0400	2020-11-23 22:38:50 -0500	2020-11-23 22:38:50 -0500	2020-11-23 22:38:50 -0500	2020-11-22 03:42:21 -0500	2020-11-23 22:38:50 -0500	2020-11-15 17:08:55 -0500	2020-11-23 22:38:50 -0500	github.com/L-bern/inf3135-a2020
0	0	0	2020-10-17 18:28:39 -0400	2020-11-22 23:20:03 -0500	2020-11-22 22:17:42 -0500	2020-11-22 23:21:32 -0500	2020-11-22 08:49:37 -0500	2020-11-22 23:29:54 -0500	2020-11-20 12:25:17 -0500	2020-11-22 08:59:45 -0500	github.com/LikensonD/inf3135-a2020
0	0	0	2020-10-17 14:38:46 -0400	2020-11-21 18:46:53 -0500	2020-11-21 18:46:53 -0500	2020-11-19 17:27:16 -0500	2020-09-26 12:54:30 -0400	2020-11-21 19:22:43 -0500	2020-11-16 15:04:05 -0500	2020-11-17 16:34:16 -0500	github.com/LMGsean/inf3135-a2020
0	0	0	2020-10-04 15:17:22 -0400	2020-11-22 22:39:26 -0500	2020-11-22 22:08:39 -0500	2020-11-22 21:48:20 -0500	2020-11-11 14:29:04 -0500	2020-11-22 22:08:39 -0500	2020-11-22 01:39:22 -0500	2020-11-22 23:02:45 -0500	github.com/louizette/inf3135-a2020
0	0	0	2020-11-06 09:10:51 -0500	2020-11-22 13:06:45 -0500	2020-11-14 10:13:40 -0500	2020-11-14 10:13:40 -0500	2020-10-03 11:31:09 -0400	2020-11-22 13:08:40 -0500	2020-11-14 10:13:40 -0500	2020-11-14 10:13:40 -0500	github.com/MaelPJoly/inf3135-a2020
128	0	0	github.com/mapenda-source/inf3135-a2020
0	0	0	2020-10-10 18:58:59 -0400	2020-11-22 15:54:30 -0500	2020-11-22 15:31:29 -0500	2020-11-22 15:25:45 -0500	2020-11-08 19:11:26 -0500	2020-11-20 14:45:16 -0500	2020-11-22 21:21:29 -0500	2020-11-22 21:20:38 -0500	github.com/maxowell/inf3135-a2020
128	0	0	github.com/mednadi/inf3135-a2020
0	0	0	2020-11-21 16:42:19 -0500	2020-11-22 23:09:29 -0500	2020-11-22 15:28:33 -0500	2020-11-22 15:28:33 -0500	2020-11-21 01:08:34 -0500	2020-11-21 16:20:13 -0500	2020-11-21 00:56:41 -0500	2020-11-22 15:28:33 -0500	github.com/Mouad-Latif/inf3135-a2020
0	0	0	2020-11-14 18:38:37 -0500	2020-11-22 23:59:27 -0500	2020-11-22 23:59:27 -0500	2020-11-22 23:59:27 -0500	2020-11-21 16:36:36 -0500	2020-11-19 17:44:51 -0500	2020-11-19 23:30:47 -0500	2020-11-22 23:59:27 -0500	github.com/Nami-R2301/inf3135-a2020
128	0	0	github.com/Nami-R2301/INF3190_A2020
0	0	0	2020-11-21 23:20:17 -0500	2020-11-22 12:45:05 -0500	2020-11-22 12:49:01 -0500	2020-11-22 12:49:01 -0500	2020-11-21 23:24:19 -0500	2020-11-21 23:39:35 -0500	2020-11-21 23:20:17 -0500	2020-11-22 13:41:52 -0500	github.com/Nana-Ousmane/inf3135-a2020
0	0	0	2020-10-17 23:30:39 -0400	2020-11-22 20:03:58 -0500	2020-11-22 20:25:15 -0500	2020-11-22 20:11:54 -0500	2020-11-22 20:03:58 -0500	2020-11-22 20:18:28 -0500	2020-11-21 16:37:07 -0500	2020-11-22 20:03:58 -0500	github.com/nathan-crms/inf3135-a2020
0	0	0	2020-11-02 11:48:58 -0500	2020-11-22 13:14:40 -0500	2020-11-22 19:45:44 -0500	2020-11-22 13:07:27 -0500	2020-11-22 21:19:07 -0500	2020-11-22 19:08:22 -0500	2020-11-22 20:33:42 -0500	2020-11-22 21:11:37 -0500	github.com/nickthivierge/inf3135-a2020
0	0	6	2020-10-09 15:53:46 -0400	2020-11-22 23:27:37 -0500			2020-11-22 17:35:26 -0500	2020-11-22 17:35:45 -0500	2020-11-22 23:17:08 -0500	2020-11-22 23:17:59 -0500	github.com/NicolasGuay/inf3135-a2020
0	0	0	2020-11-04 15:06:42 -0500	2020-11-17 17:16:58 -0500	2020-11-17 17:16:58 -0500	2020-11-17 17:16:58 -0500	2020-11-12 14:23:29 -0500	2020-11-17 17:42:19 -0500	2020-11-14 14:31:53 -0500	2020-11-14 14:34:46 -0500	github.com/nineyalexandre/inf3135-a2020
128	0	0	github.com/nora-ng/inf3135-a2020
0	0	0	2020-10-18 14:59:00 -0400	2020-11-19 21:59:57 -0500	2020-11-19 21:59:57 -0500	2020-11-19 21:59:57 -0500	2020-11-22 14:05:40 -0500	2020-11-19 21:54:36 -0500	2020-11-22 15:03:13 -0500	2020-11-22 15:03:13 -0500	github.com/olivier-bouchard-uqam/inf3135-a2020
0	0	0	2020-10-08 13:22:59 -0400	2020-11-22 12:09:29 -0500	2020-11-18 23:12:14 -0500	2020-11-18 23:12:14 -0500	2020-11-06 17:17:08 -0500	2020-11-19 21:25:12 -0500	2020-11-22 12:25:34 -0500	2020-11-22 17:28:52 +0000	github.com/opdelta/inf3135-a2020
0	0	6	2020-10-19 12:51:31 -0400	2020-11-22 22:46:10 -0500	2020-11-22 22:46:10 -0500	2020-11-22 19:33:03 -0500	2020-10-04 21:38:57 -0400	2020-11-22 20:54:36 -0500		2020-11-22 22:49:36 -0500	github.com/OthmaneLf/inf3135-a2020
0	0	6	2020-10-03 16:35:44 -0400	2020-11-21 14:31:28 -0500	2020-11-14 18:22:07 -0500	2020-11-14 18:22:07 -0500	2020-11-14 18:22:07 -0500	2020-11-21 14:31:28 -0500		2020-11-21 14:31:28 -0500	github.com/patlenew/inf3135-a2020
0	0	0	2020-10-13 11:27:14 -0400	2020-11-21 14:17:53 -0500	2020-11-21 14:17:53 -0500	2020-11-21 14:17:53 -0500	2020-10-14 22:23:58 -0400	2020-11-21 14:58:45 -0500	2020-11-22 11:36:19 -0500	2020-11-21 14:58:45 -0500	github.com/Patrickcob/inf3135-a2020
128	0	0	github.com/paulemartel/inf3135-a2020
128	0	0	github.com/pauls-n/inf3135-a2020
0	0	0	2020-09-26 13:56:30 -0400	2020-11-20 14:27:56 -0500	2020-11-20 14:27:56 -0500	2020-11-20 14:27:56 -0500	2020-11-16 15:48:11 -0500	2020-11-21 14:27:08 -0500	2020-11-19 08:31:29 -0500	2020-11-21 14:35:11 -0500	github.com/PedroLuisBernardos/inf3135-a2020
0	0	0	2020-11-05 21:31:31 -0500	2020-11-20 19:45:05 -0500	2020-11-20 19:16:12 -0500	2020-11-20 19:16:12 -0500	2020-11-18 19:31:05 -0500	2020-11-20 19:16:12 -0500	2020-11-22 19:54:03 -0500	2020-11-22 19:48:42 -0500	github.com/PierreOlivierBrillant/inf3135-a2020
0	0	0	2020-10-13 16:53:21 -0400	2020-11-21 17:28:27 -0500	2020-11-20 14:09:35 -0500	2020-11-20 14:09:35 -0500	2020-10-04 15:09:32 -0400	2020-11-20 11:29:44 -0500	2020-11-20 13:47:33 -0500	2020-11-22 12:28:08 -0500	github.com/poulayyy/inf3135-a2020
0	0	0	2020-10-07 14:48:39 -0400	2020-11-16 15:50:32 -0500	2020-11-19 19:12:31 -0500	2020-11-16 15:50:32 -0500	2020-11-13 17:47:31 -0500	2020-11-16 15:50:32 -0500	2020-11-16 15:50:32 -0500	2020-11-20 10:21:38 -0500	github.com/RaphaelJ-S/inf3135-a2020
0	0	0	2020-11-13 19:43:29 -0500	2020-11-13 20:58:27 -0500	2020-11-13 20:59:37 -0500	2020-11-13 20:58:57 -0500	2020-11-13 19:43:29 -0500	2020-11-13 19:43:29 -0500	2020-11-14 18:40:43 -0500	2020-11-14 13:40:06 -0500	github.com/RebiBen/inf3135-a2020
0	0	0	2020-11-18 02:15:05 -0500	2020-11-21 20:25:44 -0500	2020-11-22 14:52:04 -0500	2020-11-22 14:52:04 -0500	2020-11-18 04:02:12 -0500	2020-11-22 16:44:36 -0500	2020-11-22 20:27:50 -0500	2020-11-22 18:06:13 -0500	github.com/Rehouma63/inf3135-a2020
0	0	0	2020-11-22 20:39:51 -0500	2020-11-22 12:01:53 -0500	2020-11-22 20:54:39 -0500	2020-11-22 20:24:40 -0500	2020-11-22 20:30:09 -0500	2020-11-22 18:49:10 -0500	2020-11-22 22:57:57 -0500	2020-11-22 23:20:23 -0500	github.com/rTshimanga25/inf3135-a2020
0	0	0	2020-10-18 23:12:12 -0400	2020-11-22 22:58:35 -0500	2020-11-22 22:38:26 -0500	2020-11-22 22:38:26 -0500	2020-11-13 15:02:38 -0500	2020-11-22 23:18:38 -0500	2020-11-22 23:07:44 -0500	2020-11-22 23:07:44 -0500	github.com/Rurs21/inf3135-a2020
128	0	0	github.com/sachaRuimy/inf3135-a2020
0	0	0	2020-11-22 01:12:35 -0500	2020-11-21 14:45:33 -0500	2020-11-21 12:35:05 -0500	2020-11-21 12:35:05 -0500	2020-11-21 14:52:09 -0500	2020-11-22 20:28:26 -0500	2020-11-22 01:11:17 -0500	2020-11-22 01:13:22 -0500	github.com/SahnounAbdelaziz/inf3135-a2020
0	0	6	2020-10-18 21:20:25 -0400	2020-11-22 23:55:34 -0500		2020-11-22 23:50:09 -0500		2020-11-22 23:55:34 -0500		2020-11-22 22:31:15 -0500	github.com/sakuragts/inf3135-a2020
0	0	0	2020-10-08 13:55:03 -0400	2020-11-19 09:12:31 -0500	2020-11-19 09:12:31 -0500	2020-11-19 09:12:31 -0500	2020-11-06 09:01:45 -0500	2020-11-16 12:57:57 -0500	2020-11-19 09:17:21 -0500	2020-11-16 12:57:57 -0500	github.com/saledemon/inf3135-a2020
128	0	0	github.com/Serban14/inf3135-a2020
0	0	0	2020-10-12 16:11:35 -0400	2020-11-22 20:25:06 -0500	2020-11-22 20:25:06 -0500	2020-11-22 20:25:06 -0500	2020-11-22 20:28:19 -0500	2020-11-22 21:13:49 -0500	2020-11-22 19:57:42 -0500	2020-11-22 19:29:39 -0500	github.com/shanieUQAM/inf3135-a2020
0	0	6	2020-11-08 13:36:22 -0500	2020-11-17 14:24:56 -0500	2020-11-17 14:24:56 -0500	2020-11-17 14:24:56 -0500	2020-11-14 12:43:31 -0500	2020-11-14 16:40:31 -0500		2020-11-08 13:32:34 -0500	github.com/StevenTran3007/inf3135-a2020
0	0	0	2020-11-05 21:18:48 -0500	2020-11-22 23:17:52 -0500	2020-11-22 22:28:55 -0500	2020-11-20 19:06:11 -0500	2020-11-22 23:07:54 -0500	2020-11-22 23:29:53 -0500	2020-11-22 15:53:41 -0500	2020-11-22 23:47:59 -0500	github.com/TarekElTayeh/inf3135-a2020
0	0	0	2020-10-10 06:33:21 -0400	2020-11-22 19:02:25 -0500	2020-11-15 17:20:55 -0500	2020-11-15 17:20:55 -0500	2020-11-08 12:14:27 -0500	2020-11-12 17:44:07 -0500	2020-11-22 18:59:15 -0500	2020-11-22 14:54:08 -0500	github.com/tcylia/inf3135-a2020
0	0	0	2020-10-15 18:42:32 -0400	2020-11-22 23:52:18 -0500	2020-11-22 23:04:27 -0500	2020-11-22 23:04:27 -0500	2020-10-18 19:43:19 -0400	2020-11-22 21:05:53 -0500	2020-11-22 23:52:18 -0500	2020-11-22 21:05:53 -0500	github.com/thierrymayombot/inf3135-a2020
0	0	6	2020-10-03 14:00:33 -0400	2020-11-21 21:10:59 -0500	2020-11-21 21:10:59 -0500	2020-11-22 17:27:03 -0500	2020-11-10 00:27:17 -0500	2020-11-21 00:58:43 -0500		2020-11-21 23:09:29 -0500	github.com/tq3636/inf3135-a2020
0	0	6	2020-11-22 23:54:54 -0500	2020-11-22 23:56:20 -0500				2020-11-22 23:53:30 -0500	2020-11-22 23:55:32 -0500	2020-11-22 23:54:03 -0500	github.com/victoriamorisset/inf3135-a2020
0	0	0	2020-11-08 17:10:07 -0500	2020-11-22 12:07:31 -0500	2020-11-22 12:07:31 -0500	2020-11-22 12:07:31 -0500	2020-11-16 13:59:18 -0500	2020-11-22 12:03:04 -0500	2020-11-21 17:42:22 -0500	2020-11-22 12:03:33 -0500	github.com/WARB24069805/inf3135-a2020
# de depot :97

erreur :
128: Le nom du projet (ou branche obligatoire) est errone ou inexistant.
  1: You are not allowed to push into this branch. *Droits d'ecriture dans la branch master.*
Piste pour la resolution lorsque push != 0 : 
	Est-ce que master ou main est la branche par defaut?
	Est-ce l'enseignant est collaborateur? 
	Est-ce que vous avez la branche requise?
