clone	push	retard	cp.txt                   	tp3.c                    	malib.c                  	malib.h                  	outil3.h                 	outil3.c                 	.gitignore               	Makefile                 	depot, etudiant et projet
-----	----	------	-------------------------	-------------------------	-------------------------	-------------------------	-------------------------	-------------------------	-------------------------	-------------------------	-------------------------
0	0	0	2020-11-05 20:59:43 -0500	2020-12-18 02:09:05 -0500	2020-12-18 02:09:05 -0500	2020-12-18 02:09:05 -0500	2020-12-18 18:24:13 -0500	2020-12-18 02:09:05 -0500	2020-12-18 02:09:05 -0500	2020-12-18 02:09:05 -0500	github.com/708bobo/inf3135-a2020
0	0	5	2020-10-14 15:53:43 -0400	2020-12-19 23:47:24 -0500	2020-12-19 23:47:24 -0500	2020-12-19 23:47:24 -0500	2020-12-19 23:47:24 -0500			2020-12-19 23:47:24 -0500	github.com/Alex-Ali-Fulgence/inf3135-a2020
0	0	0	2020-12-20 15:03:08 -0500	2020-12-20 19:33:28 -0500	2020-12-20 19:47:37 -0500	2020-12-20 15:25:11 -0500	2020-12-20 17:50:48 -0500	2020-12-20 19:36:22 -0500	2020-10-18 16:49:22 -0400	2020-12-20 15:25:11 -0500	github.com/amariomar/inf3135-a2020
0	0	5	2020-10-07 13:25:14 -0400						2020-10-18 22:59:01 -0400	2020-10-18 22:18:46 -0400	github.com/anaisyaici/inf3135-a2020
0	0	0	2020-10-18 21:59:30 -0400	2020-12-20 21:36:51 -0500	2020-12-20 21:31:09 -0500	2020-12-18 17:04:50 -0500	2020-12-17 10:52:35 -0500	2020-12-17 17:21:07 -0500	2020-12-16 14:00:14 -0500	2020-12-20 20:57:40 -0500	github.com/AnneMa22/inf3135-a2020
0	0	0	2020-10-18 18:05:44 -0400	2020-12-13 16:17:28 -0500	2020-12-20 16:20:25 -0500	2020-12-13 16:17:28 -0500	2020-12-07 18:10:34 -0500	2020-12-13 16:04:20 -0500	2020-12-13 16:04:20 -0500	2020-12-20 16:20:25 -0500	github.com/AstralCookie/inf3135-a2020
0	0	0	2020-11-18 14:54:31 -0500	2020-12-21 11:35:42 -0500	2020-12-21 11:35:42 -0500	2020-12-18 20:54:07 -0500	2020-12-18 20:54:07 -0500	2020-12-21 11:35:42 -0500	2020-12-18 15:06:28 -0500	2020-12-18 15:05:52 -0500	github.com/AurelienGG/inf3135-a2020
0	0	5	2020-12-19 02:02:41 -0500	2020-12-21 13:34:22 -0500	2020-12-21 13:34:22 -0500	2020-12-21 13:34:22 -0500	2020-12-21 13:34:22 -0500	2020-12-21 13:34:22 -0500		2020-12-21 13:34:22 -0500	github.com/awahabbaga/inf3135-a2020
128	0	0	github.com/BassemNasralla/inf3135-a2020
0	0	0	2020-10-11 16:44:00 -0400	2020-12-14 14:51:54 -0500	2020-12-20 13:07:50 -0500	2020-12-20 12:25:21 -0500	2020-12-14 12:56:05 -0500	2020-12-14 14:51:54 -0500	2020-12-11 14:54:25 -0500	2020-12-11 20:12:34 -0500	github.com/bcote9005/inf3135-a2020
128	0	0	github.com/bdkandil/inf3135-a2020
0	0	0	2020-12-21 06:16:31 -0500	2020-12-21 10:54:16 -0500	2020-12-21 09:23:20 -0500	2020-12-21 06:19:37 -0500	2020-12-21 10:54:16 -0500	2020-12-21 10:54:16 -0500	2020-12-19 21:24:30 -0500	2020-12-21 10:54:16 -0500	github.com/Beva-Lwash/inf3135-a2020
128	0	0	github.com/bj291929/inf3135-a2020
0	0	5	2020-10-14 00:18:28 -0400	2020-12-02 00:27:37 -0500	2020-12-02 00:27:37 -0500	2020-12-02 00:27:37 -0500			2020-12-02 15:13:14 -0500	2020-12-02 16:08:10 -0500	github.com/B-Yan/inf3135-a2020
0	0	0	2020-10-18 20:08:59 -0400	2020-12-15 19:24:33 -0500	2020-12-21 09:18:20 -0500	2020-12-20 20:11:35 -0500	2020-12-13 18:43:27 -0500	2020-12-13 18:13:59 -0500	2020-12-13 12:30:56 -0500	2020-12-13 18:43:27 -0500	github.com/cmiquelon/inf3135-a2020
0	0	0	2020-10-18 17:48:55 -0400	2020-12-21 10:57:37 -0500	2020-12-21 10:57:37 -0500	2020-12-21 10:57:37 -0500	2020-12-20 11:57:02 -0500	2020-12-21 02:29:49 -0500	2020-12-16 23:28:52 -0500	2020-12-21 06:30:36 -0500	github.com/cosplaythief/inf3135-a2020
0	0	0	2020-10-16 21:14:05 -0400	2020-12-21 10:51:32 -0500	2020-12-21 10:51:32 -0500	2020-12-21 10:51:32 -0500	2020-12-21 10:51:32 -0500	2020-12-21 10:51:32 -0500	2020-12-21 10:51:32 -0500	2020-12-21 11:54:28 -0500	github.com/DalilT/inf3135-a2020
0	0	5	2020-12-21 11:58:37 -0500	2020-12-21 12:13:09 -0500	2020-12-21 12:11:14 -0500	2020-12-21 12:12:08 -0500	2020-12-21 12:14:50 -0500	2020-12-21 12:14:13 -0500		2020-12-21 11:52:45 -0500	github.com/Danny-jered/inf3135-a2020
0	0	0	2020-12-21 01:04:49 -0500	2020-12-21 01:02:47 -0500	2020-12-21 01:20:40 -0500	2020-12-21 01:02:47 -0500	2020-12-21 01:02:47 -0500	2020-12-21 01:02:47 -0500	2020-12-21 11:21:03 -0500	2020-12-21 01:02:47 -0500	github.com/Davezdh/inf3135-a2020
0	0	0	2020-10-18 21:44:24 -0400	2020-12-17 20:16:00 -0500	2020-12-19 20:56:03 -0500	2020-12-19 20:56:03 -0500	2020-12-19 20:56:03 -0500	2020-12-19 20:56:03 -0500	2020-11-09 23:58:32 -0500	2020-12-07 22:34:55 -0500	github.com/davidadjele/inf3135-a2020
128	0	0	github.com/DavidUQAM/inf3135-a2020
0	0	1	2020-11-22 18:29:39 -0500	2020-12-21 12:03:17 -0500	2020-12-21 11:56:31 -0500	2020-12-21 12:03:17 -0500	2020-12-21 12:01:53 -0500	2020-12-21 12:01:53 -0500	2020-12-21 01:32:06 -0500	2020-12-21 12:06:31 -0500	github.com/durgeta/inf3135-a2020
0	0	2	2020-12-22 01:47:53 -0500	2020-12-22 05:26:55 -0500	2020-12-22 13:56:40 -0500	2020-12-22 00:56:56 -0500	2020-12-22 01:40:45 -0500	2020-12-22 04:27:59 -0500	2020-12-16 06:19:15 -0500	2020-12-22 07:04:47 -0500	github.com/Elisee-O-YAPI/inf3135-a2020
0	0	0	2020-12-02 19:09:40 -0500	2020-12-20 23:05:02 -0500	2020-12-17 00:33:51 -0500	2020-12-20 23:02:25 -0500	2020-12-20 23:02:25 -0500	2020-12-20 23:05:25 -0500	2020-12-02 19:11:25 -0500	2020-12-16 01:28:35 -0500	github.com/EzzeddineAlimi/inf3135-a2020
0	0	1	2020-12-21 09:09:07 -0500	2020-12-21 12:04:38 -0500	2020-12-21 12:06:56 -0500	2020-12-21 12:08:34 -0500	2020-12-21 12:12:19 -0500	2020-12-21 12:10:54 -0500	2020-12-21 11:55:23 -0500	2020-12-21 11:37:05 -0500	github.com/FerdinandTenenanToure/inf3135-a2020
0	0	0	2020-11-05 21:02:48 -0500	2020-12-16 23:59:02 -0500	2020-12-16 23:59:02 -0500	2020-12-14 10:43:18 -0500	2020-12-16 23:59:02 -0500	2020-12-14 11:27:51 -0500	2020-12-05 18:38:04 -0500	2020-12-17 01:31:07 -0500	github.com/fethiuqam/inf3135-a2020
128	0	0	github.com/fialiayoub/inf3135-a2020
128	0	0	github.com/franksoua/inf3135-a2020
0	0	0	2020-10-04 12:10:25 -0400	2020-12-18 23:44:28 -0500	2020-12-18 23:55:01 -0500	2020-12-17 13:45:00 -0500	2020-12-16 20:19:35 -0500	2020-12-16 20:19:35 -0500	2020-12-17 13:45:00 -0500	2020-12-17 13:45:00 -0500	github.com/gabrose97/inf3135-a2020
128	0	0	github.com/gdimer/inf3135-a2020
0	0	0	2020-10-12 16:35:11 -0400	2020-12-18 21:45:22 -0500	2020-12-18 21:45:22 -0500	2020-12-18 21:45:22 -0500	2020-12-18 21:36:42 -0500	2020-12-18 21:45:22 -0500	2020-12-05 18:38:22 -0500	2020-12-18 01:39:06 -0500	github.com/ghalemraouf/inf3135-a2020
128	0	0	github.com/Gpoitras/inf3135-a2020
0	0	0	2020-10-18 14:38:50 -0400	2020-12-20 02:16:17 -0500	2020-12-20 15:47:57 -0500	2020-12-20 02:21:43 -0500	2020-12-20 15:47:57 -0500	2020-12-20 15:47:57 -0500	2020-12-20 22:44:03 -0500	2020-12-21 00:45:36 -0500	github.com/guillaumetb/inf3135-a2020
0	0	0	2020-10-14 17:50:52 -0400	2020-12-11 01:24:52 -0500	2020-12-11 23:29:34 -0500	2020-12-11 23:29:34 -0500	2020-12-11 23:29:34 -0500	2020-12-11 23:29:34 -0500	2020-11-18 05:15:04 -0500	2020-12-15 16:28:53 -0500	github.com/hakimba1/inf3135-a2020
0	0	0	2020-09-22 21:06:57 -0400	2020-12-18 15:45:29 -0500	2020-12-19 11:01:37 -0500	2020-12-18 13:20:05 -0500	2020-12-18 15:45:29 -0500	2020-12-18 15:45:29 -0500	2020-09-22 21:01:53 -0400	2020-12-18 18:06:59 -0500	github.com/hugodupont/inf3135-a2020
0	0	0	2020-12-03 20:21:51 -0500	2020-12-20 21:06:35 -0500	2020-12-19 18:33:27 -0500	2020-12-21 08:23:17 -0500	2020-12-19 18:52:23 -0500	2020-12-19 18:53:18 -0500	2020-12-06 10:27:35 -0500	2020-12-20 21:03:13 -0500	github.com/Hussein-N/inf3135-a2020
0	0	0	2020-11-15 19:20:39 -0500	2020-12-20 21:40:35 -0500	2020-12-21 01:07:23 -0500	2020-12-20 21:40:35 -0500	2020-12-18 19:36:36 -0500	2020-12-21 11:04:25 -0500	2020-12-20 21:40:35 -0500	2020-12-20 23:14:16 -0500	github.com/Ibrahim-Davieau/inf3135-a2020
0	0	1	2020-12-21 11:21:50 -0500	2020-12-21 18:27:09 -0500	2020-12-21 18:27:09 -0500	2020-12-21 18:27:09 -0500	2020-12-21 18:27:09 -0500	2020-12-21 18:27:09 -0500	2020-12-21 18:27:09 -0500	2020-12-21 21:13:45 -0500	github.com/igothookup/inf3135-a2020
128	0	0	github.com/Iliass-Bouj/inf3135-a2020
0	0	0	2020-11-22 23:53:00 -0500	2020-12-18 20:14:08 -0500	2020-12-20 23:14:20 -0500	2020-12-20 23:01:32 -0500	2020-12-20 23:03:31 -0500	2020-12-20 23:02:57 -0500	2020-12-09 23:43:14 -0500	2020-12-18 20:11:18 -0500	github.com/IssakhaW/inf3135-a2020
0	0	0	2020-09-29 23:54:38 -0400	2020-12-19 23:02:10 -0500	2020-12-19 23:02:10 -0500	2020-12-19 23:02:10 -0500	2020-12-19 23:02:10 -0500	2020-12-19 23:02:10 -0500	2020-11-09 00:28:48 -0500	2020-12-19 23:02:10 -0500	github.com/jeanlouisdicka/inf3135-a2020
0	0	0	2020-10-17 20:42:23 -0400	2020-12-20 18:17:33 -0500	2020-12-20 18:17:33 -0500	2020-12-20 18:17:33 -0500	2020-12-20 18:17:33 -0500	2020-12-20 18:17:33 -0500	2020-11-06 17:11:20 -0500	2020-12-20 19:58:35 -0500	github.com/jeffreyvales/inf3135-a2020
0	0	5	2020-11-05 21:05:05 -0500	2020-12-15 20:27:01 -0500	2020-12-20 20:48:56 -0500	2020-12-15 20:27:01 -0500			2020-12-01 17:09:17 -0500	2020-12-13 20:02:46 -0500	github.com/Jeremie-Gour/inf3135-a2020
128	0	0	github.com/JP-UQAM/inf3135-a2020
0	0	0	2020-10-03 20:14:42 -0400	2020-12-11 14:24:25 -0500	2020-12-20 15:09:27 -0500	2020-12-10 13:54:58 -0500	2020-12-10 13:54:58 -0500	2020-12-11 18:06:26 -0500	2020-12-09 21:29:02 -0500	2020-12-15 20:48:56 -0500	github.com/Jrobill4rd/inf3135-a2020
0	0	0	2020-10-13 15:21:42 -0400	2020-12-09 15:35:40 -0500	2020-12-08 19:08:34 -0500	2020-12-08 18:38:08 -0500	2020-12-08 21:35:10 -0500	2020-12-08 21:35:10 -0500	2020-11-06 17:12:29 -0500	2020-12-08 21:35:10 -0500	github.com/JulesHauchecorne/inf3135-a2020
0	0	0	2020-12-07 18:56:34 -0500	2020-12-15 19:57:13 -0500	2020-12-15 22:13:43 -0500	2020-12-15 22:13:43 -0500	2020-12-15 19:57:13 -0500	2020-12-15 19:57:13 -0500	2020-12-07 18:56:34 -0500	2020-12-15 19:57:13 -0500	github.com/jusave/inf3135-a2020
128	0	0	github.com/kevinwetie/inf3135-a2020
128	0	0	github.com/KienonYann/inf3135-a2020
0	0	0	2020-12-14 17:45:33 -0500	2020-12-18 20:45:18 -0500	2020-12-18 21:07:18 -0500	2020-12-19 19:34:49 -0500	2020-12-18 20:45:18 -0500	2020-12-19 19:34:49 -0500	2020-10-18 17:38:08 -0400	2020-12-19 20:02:21 -0500	github.com/kousseylakadri/inf3135-a2020
0	0	0	2020-10-17 23:42:28 -0400	2020-12-15 15:16:13 -0500	2020-12-10 21:51:28 -0500	2020-12-15 13:25:36 -0500	2020-12-10 21:46:55 -0500	2020-12-10 22:19:11 -0500	2020-12-08 14:16:03 -0500	2020-12-15 15:40:15 -0500	github.com/Kyowdem/inf3135-a2020
128	0	0	github.com/laricekl/inf3135-a2020
0	0	1	2020-10-18 17:40:46 -0400	2020-12-21 19:50:49 -0500	2020-12-21 19:50:49 -0500	2020-12-21 19:16:51 -0500	2020-12-21 19:50:49 -0500	2020-12-21 19:50:49 -0500	2020-12-20 23:32:04 -0500	2020-12-21 19:16:51 -0500	github.com/L-bern/inf3135-a2020
0	0	0	2020-10-17 18:28:39 -0400	2020-12-21 09:59:11 -0500	2020-12-21 11:25:14 -0500	2020-12-21 09:56:14 -0500	2020-12-20 18:27:05 -0500	2020-12-20 18:27:05 -0500	2020-12-05 18:40:05 -0500	2020-12-21 11:54:46 -0500	github.com/LikensonD/inf3135-a2020
0	0	0	2020-10-17 14:38:46 -0400	2020-12-10 20:50:42 -0500	2020-12-10 18:48:42 -0500	2020-12-10 18:30:54 -0500	2020-12-07 14:59:44 -0500	2020-12-07 14:59:44 -0500	2020-09-26 12:54:30 -0400	2020-12-17 20:04:23 -0500	github.com/LMGsean/inf3135-a2020
0	0	0	2020-10-04 15:17:22 -0400	2020-12-20 23:48:32 -0500	2020-12-20 23:48:32 -0500	2020-12-20 23:48:32 -0500	2020-12-18 00:27:41 -0500	2020-12-18 00:27:41 -0500	2020-11-11 14:29:04 -0500	2020-12-19 21:39:47 -0500	github.com/louizette/inf3135-a2020
0	0	0	2020-11-06 09:10:51 -0500	2020-12-19 05:05:59 -0500	2020-12-19 05:05:59 -0500	2020-12-19 05:05:59 -0500	2020-12-17 18:32:55 -0500	2020-12-04 21:08:34 -0500	2020-10-03 11:31:09 -0400	2020-12-21 04:11:02 -0500	github.com/MaelPJoly/inf3135-a2020
128	0	0	github.com/mapenda-source/inf3135-a2020
0	0	0	2020-10-10 18:58:59 -0400	2020-12-17 19:01:45 -0500	2020-12-17 19:26:14 -0500	2020-12-17 12:50:17 -0500	2020-12-17 12:50:17 -0500	2020-12-17 13:11:36 -0500	2020-11-29 13:12:32 -0500	2020-12-17 15:34:46 -0500	github.com/maxowell/inf3135-a2020
128	0	0	github.com/mednadi/inf3135-a2020
0	0	5	2020-12-16 23:46:56 -0500	2020-12-16 23:31:16 -0500	2020-12-18 09:56:04 -0500	2020-12-17 02:59:42 -0500			2020-12-16 23:46:56 -0500	2020-12-21 01:49:13 -0500	github.com/Mouad-Latif/inf3135-a2020
0	0	0	2020-11-14 18:38:37 -0500	2020-12-17 22:28:01 -0500	2020-12-17 00:49:31 -0500	2020-12-17 02:01:55 -0500	2020-12-15 02:14:45 -0500	2020-12-16 15:26:27 -0500	2020-12-17 02:09:29 -0500	2020-12-15 15:52:39 -0500	github.com/Nami-R2301/inf3135-a2020
0	128	5							2020-12-18 15:13:13 -0500		github.com/Nami-R2301/INF3190_A2020
0	0	0	2020-11-21 23:20:17 -0500	2020-12-21 10:25:25 -0500	2020-12-13 19:54:35 -0500	2020-12-12 23:00:06 -0500	2020-12-10 17:19:36 -0500	2020-12-12 23:00:06 -0500	2020-11-21 23:24:19 -0500	2020-12-21 10:25:25 -0500	github.com/Nana-Ousmane/inf3135-a2020
0	0	0	2020-10-17 23:30:39 -0400	2020-12-18 23:47:33 -0500	2020-12-18 23:49:07 -0500	2020-12-08 17:38:17 -0500	2020-12-17 00:40:09 -0500	2020-12-08 17:38:17 -0500	2020-12-17 01:06:16 -0500	2020-12-18 23:50:34 -0500	github.com/nathan-crms/inf3135-a2020
0	0	0	2020-11-02 11:48:58 -0500	2020-12-20 18:41:52 -0500	2020-12-20 16:21:27 -0500	2020-12-20 14:34:15 -0500	2020-12-14 12:41:17 -0500	2020-12-20 14:34:15 -0500	2020-12-21 09:23:00 -0500	2020-12-20 21:32:52 -0500	github.com/nickthivierge/inf3135-a2020
0	0	0	2020-10-09 15:53:46 -0400	2020-12-21 10:56:13 -0500	2020-12-21 08:16:37 -0500	2020-12-21 08:16:37 -0500	2020-12-21 08:16:37 -0500	2020-12-21 08:16:37 -0500	2020-12-21 08:59:03 -0500	2020-12-21 08:37:36 -0500	github.com/NicolasGuay/inf3135-a2020
0	0	0	2020-11-04 15:06:42 -0500	2020-12-08 20:10:13 -0500	2020-12-08 20:10:13 -0500	2020-12-08 20:10:13 -0500	2020-12-06 10:27:35 -0500	2020-12-06 10:27:35 -0500	2020-12-10 11:38:09 -0500	2020-12-14 19:46:49 -0500	github.com/nineyalexandre/inf3135-a2020
128	0	0	github.com/nora-ng/inf3135-a2020
0	0	0	2020-10-18 14:59:00 -0400	2020-12-13 17:29:47 -0500	2020-12-18 12:39:51 -0500	2020-12-13 17:29:47 -0500	2020-12-13 17:29:47 -0500	2020-12-13 17:29:47 -0500	2020-12-14 20:17:44 -0500	2020-12-18 12:39:51 -0500	github.com/olivier-bouchard-uqam/inf3135-a2020
0	0	0	2020-10-18 22:47:06 -0400	2020-12-15 00:59:18 -0500	2020-12-15 14:16:53 -0500	2020-12-13 15:56:46 -0500	2020-12-13 15:56:46 -0500	2020-12-15 00:57:26 -0500	2020-12-15 14:17:02 -0500	2020-12-14 22:31:11 -0500	github.com/opdelta/inf3135-a2020
128	0	0	github.com/OthmaneLf/inf3135-a2020
0	0	0	2020-10-03 16:35:44 -0400	2020-12-20 21:50:03 -0500	2020-12-20 22:14:02 -0500	2020-12-16 20:47:15 -0500	2020-12-16 20:47:15 -0500	2020-12-16 20:47:15 -0500	2020-12-21 09:01:04 -0500	2020-12-20 22:18:43 -0500	github.com/patlenew/inf3135-a2020
0	0	0	2020-10-13 11:27:14 -0400	2020-12-20 16:50:01 -0500	2020-12-20 16:29:44 -0500	2020-12-20 16:04:52 -0500	2020-12-20 15:40:35 -0500	2020-12-20 16:50:01 -0500	2020-12-05 18:41:42 -0500	2020-12-15 20:07:16 -0500	github.com/Patrickcob/inf3135-a2020
128	0	0	github.com/paulemartel/inf3135-a2020
128	0	0	github.com/pauls-n/inf3135-a2020
0	0	0	2020-09-26 13:56:30 -0400	2020-12-10 10:14:58 -0500	2020-12-10 10:13:47 -0500	2020-12-11 10:35:56 -0500	2020-12-10 10:14:45 -0500	2020-12-10 10:11:34 -0500	2020-11-30 09:31:36 -0500	2020-12-11 10:38:39 -0500	github.com/PedroLuisBernardos/inf3135-a2020
0	0	0	2020-11-05 21:31:31 -0500	2020-12-18 14:39:59 -0500	2020-12-18 14:39:59 -0500	2020-12-18 14:39:59 -0500	2020-12-18 14:39:59 -0500	2020-12-18 14:39:59 -0500	2020-12-18 13:04:40 -0500	2020-12-18 16:34:52 -0500	github.com/PierreOlivierBrillant/inf3135-a2020
0	0	0	2020-10-13 16:53:21 -0400	2020-12-05 19:01:16 -0500	2020-12-16 15:44:51 -0500	2020-12-04 16:10:58 -0500	2020-12-16 15:44:51 -0500	2020-12-16 15:44:51 -0500	2020-10-04 15:09:32 -0400	2020-12-05 14:31:37 -0500	github.com/poulayyy/inf3135-a2020
0	0	0	2020-10-07 14:48:39 -0400	2020-12-12 16:42:39 -0500	2020-12-12 16:43:51 -0500	2020-12-12 11:09:34 -0500	2020-12-12 11:04:00 -0500	2020-12-12 16:43:51 -0500	2020-12-12 11:53:21 -0500	2020-12-12 11:53:21 -0500	github.com/RaphaelJ-S/inf3135-a2020
0	0	0	2020-11-13 19:43:29 -0500	2020-12-10 14:43:14 -0500	2020-12-11 19:50:42 -0500	2020-12-08 14:52:50 -0500	2020-12-08 14:52:50 -0500	2020-12-10 14:43:14 -0500	2020-12-10 14:43:14 -0500	2020-12-07 14:47:38 -0500	github.com/RebiBen/inf3135-a2020
0	0	0	2020-12-10 16:14:22 -0500	2020-12-19 19:55:01 -0500	2020-12-16 13:58:13 -0500	2020-12-12 00:09:40 -0500	2020-12-12 20:36:26 -0500	2020-12-13 13:39:20 -0500	2020-12-05 18:42:18 -0500	2020-12-10 22:45:24 -0500	github.com/Rehouma63/inf3135-a2020
0	0	1	2020-12-21 12:14:25 -0500	2020-12-21 11:38:46 -0500	2020-12-21 11:31:17 -0500	2020-12-21 11:31:17 -0500	2020-12-21 11:21:39 -0500	2020-12-21 11:21:39 -0500	2020-12-21 11:57:14 -0500	2020-12-21 11:34:37 -0500	github.com/rTshimanga25/inf3135-a2020
0	0	5	2020-10-18 23:12:12 -0400	2020-12-21 23:32:33 -0500	2020-12-21 23:55:47 -0500	2020-12-21 16:57:41 -0500			2020-12-21 18:30:42 -0500	2020-12-21 22:31:28 -0500	github.com/Rurs21/inf3135-a2020
128	0	0	github.com/sachaRuimy/inf3135-a2020
0	0	0	2020-12-21 10:40:55 -0500	2020-12-21 05:21:38 -0500	2020-12-18 19:01:34 -0500	2020-12-18 01:20:00 -0500	2020-12-21 05:20:24 -0500	2020-12-21 05:20:52 -0500	2020-11-21 14:52:09 -0500	2020-12-21 05:21:22 -0500	github.com/SahnounAbdelaziz/inf3135-a2020
0	0	5	2020-10-18 21:20:25 -0400	2020-12-21 21:34:07 -0500	2020-12-21 21:34:07 -0500	2020-12-21 18:24:13 -0500	2020-12-21 16:01:32 -0500	2020-12-21 16:01:32 -0500		2020-12-21 21:34:07 -0500	github.com/sakuragts/inf3135-a2020
0	0	0	2020-10-08 13:55:03 -0400	2020-12-10 13:57:00 -0500	2020-12-10 13:57:00 -0500	2020-12-10 13:50:45 -0500	2020-12-10 13:50:45 -0500	2020-12-10 13:50:45 -0500	2020-12-02 14:10:23 -0500	2020-12-10 13:57:00 -0500	github.com/saledemon/inf3135-a2020
128	0	0	github.com/Serban14/inf3135-a2020
0	0	5	2020-10-12 16:11:35 -0400	2020-12-20 23:02:10 -0500	2020-12-20 23:02:10 -0500	2020-12-20 23:02:10 -0500			2020-12-18 18:10:12 -0500	2020-12-21 01:14:20 -0500	github.com/shanieUQAM/inf3135-a2020
128	0	0	github.com/StevenTran3007/inf3135-a2020
0	0	5	2020-11-05 21:18:48 -0500	2020-12-21 10:22:49 -0500	2020-12-20 21:21:43 -0500	2020-11-20 19:06:11 -0500			2020-12-05 18:35:17 -0500	2020-11-22 23:29:53 -0500	github.com/TarekElTayeh/inf3135-a2020
0	0	0	2020-12-09 09:34:46 -0500	2020-12-09 09:34:46 -0500	2020-12-17 20:41:32 -0500	2020-12-17 20:41:32 -0500	2020-12-08 20:37:13 -0500	2020-12-10 15:53:50 -0500	2020-11-08 12:14:27 -0500	2020-12-17 20:25:37 -0500	github.com/tcylia/inf3135-a2020
0	0	0	2020-10-15 18:42:32 -0400	2020-12-21 10:12:51 -0500	2020-12-21 11:38:28 -0500	2020-12-21 11:38:28 -0500	2020-12-21 10:12:51 -0500	2020-12-21 10:12:51 -0500	2020-10-18 19:43:19 -0400	2020-12-21 10:12:51 -0500	github.com/thierrymayombot/inf3135-a2020
0	0	0	2020-10-03 14:00:33 -0400	2020-12-13 01:30:27 -0500	2020-12-19 20:53:35 -0500	2020-12-13 23:15:16 -0500	2020-12-19 20:53:35 -0500	2020-12-19 20:53:35 -0500	2020-12-19 16:17:44 -0500	2020-12-19 16:14:47 -0500	github.com/tq3636/inf3135-a2020
0	0	0	2020-12-21 11:01:59 -0500	2020-12-21 00:17:28 -0500	2020-12-21 00:17:28 -0500	2020-12-21 00:17:28 -0500	2020-12-21 00:17:28 -0500	2020-12-21 00:17:28 -0500	2020-12-21 00:17:28 -0500	2020-12-21 00:17:28 -0500	github.com/victoriamorisset/inf3135-a2020
0	0	0	2020-11-08 17:10:07 -0500	2020-12-17 17:00:50 -0500	2020-12-17 17:05:36 -0500	2020-12-17 17:15:10 -0500	2020-12-15 17:54:06 -0500	2020-12-15 17:54:06 -0500	2020-12-15 12:08:27 -0500	2020-12-17 17:18:39 -0500	github.com/WARB24069805/inf3135-a2020
# de depot :97

erreur :
128: Le nom du projet (ou branche obligatoire) est errone ou inexistant.
  1: You are not allowed to push into this branch. *Droits d'ecriture dans la branch master.*
Piste pour la resolution lorsque push != 0 : 
	Est-ce que master ou main est la branche par defaut?
	Est-ce l'enseignant est collaborateur? 
	Est-ce que vous avez la branche requise?
